\BOOKMARK [1][-]{section.1}{Introduction}{}
\BOOKMARK [1][-]{section.2}{Background and Related Work}{}
\BOOKMARK [2][-]{subsection.2.1}{Depth Imaging}{section.2}
\BOOKMARK [3][-]{subsubsection.2.1.1}{Sensor Performance}{subsection.2.1}
\BOOKMARK [2][-]{subsection.2.2}{Human Pose Estimation}{section.2}
\BOOKMARK [3][-]{subsubsection.2.2.1}{Human Pose Estimation Using Dimensionality Reduction}{subsection.2.2}
\BOOKMARK [3][-]{subsubsection.2.2.2}{Human Pose Estimation From Depth Images}{subsection.2.2}
\BOOKMARK [2][-]{subsection.2.3}{Convolutional Neural Networks}{section.2}
\BOOKMARK [3][-]{subsubsection.2.3.1}{Human Pose Estimation Using CNNs}{subsection.2.3}
\BOOKMARK [1][-]{section.3}{Methods}{}
\BOOKMARK [2][-]{subsection.3.1}{Data Preprocessing}{section.3}
\BOOKMARK [3][-]{subsubsection.3.1.1}{Skeleton Preprocessing}{subsection.3.1}
\BOOKMARK [3][-]{subsubsection.3.1.2}{Depth Preprocessing}{subsection.3.1}
\BOOKMARK [3][-]{subsubsection.3.1.3}{RGB Pre-processing}{subsection.3.1}
\BOOKMARK [2][-]{subsection.3.2}{Software}{section.3}
\BOOKMARK [2][-]{subsection.3.3}{Architecture}{section.3}
\BOOKMARK [3][-]{subsubsection.3.3.1}{Regression Vs. Classification}{subsection.3.3}
\BOOKMARK [1][-]{section.4}{Results}{}
\BOOKMARK [2][-]{subsection.4.1}{Training Details}{section.4}
\BOOKMARK [2][-]{subsection.4.2}{Abnormal Poses}{section.4}
\BOOKMARK [1][-]{section*.28}{Appendices}{}
\BOOKMARK [1][-]{section.1.A}{Pre-existing SPHERE System For Movement Quality Analysis}{}
\BOOKMARK [1][-]{section.1.B}{Networks}{}
\BOOKMARK [2][-]{subsection.1.B.1}{AlexNet}{section.1.B}
