This is pdfTeX, Version 3.1415926-2.5-1.40.14 (TeX Live 2013) (format=pdflatex 2013.10.31)  25 AUG 2015 21:47
entering extended mode
 \write18 enabled.
 file:line:error style messages enabled.
 %&-line parsing enabled.
**/Users/ben/Documents/csMSc/project/gait/Thesis/tex/TSWLatexianTemp_gaitThesisV1.1.tex
(/Users/ben/Documents/csMSc/project/gait/Thesis/tex/TSWLatexianTemp_gaitThesisV1.1.tex
LaTeX2e <2011/06/27>
Babel <3.9f> and hyphenation patterns for 78 languages loaded.
(/usr/local/texlive/2013/texmf-dist/tex/latex/base/article.cls
Document Class: article 2007/10/19 v1.4h Standard LaTeX document class
(/usr/local/texlive/2013/texmf-dist/tex/latex/base/size11.clo
File: size11.clo 2007/10/19 v1.4h Standard LaTeX file (size option)
)
\c@part=\count79
\c@section=\count80
\c@subsection=\count81
\c@subsubsection=\count82
\c@paragraph=\count83
\c@subparagraph=\count84
\c@figure=\count85
\c@table=\count86
\abovecaptionskip=\skip41
\belowcaptionskip=\skip42
\bibindent=\dimen102
) (/usr/local/texlive/2013/texmf-dist/tex/latex/geometry/geometry.sty
Package: geometry 2010/09/12 v5.6 Page Geometry
 (/usr/local/texlive/2013/texmf-dist/tex/latex/graphics/keyval.sty
Package: keyval 1999/03/16 v1.13 key=value parser (DPC)
\KV@toks@=\toks14
) (/usr/local/texlive/2013/texmf-dist/tex/generic/oberdiek/ifpdf.sty
Package: ifpdf 2011/01/30 v2.3 Provides the ifpdf switch (HO)
Package ifpdf Info: pdfTeX in PDF mode is detected.
) (/usr/local/texlive/2013/texmf-dist/tex/generic/oberdiek/ifvtex.sty
Package: ifvtex 2010/03/01 v1.5 Detect VTeX and its facilities (HO)
Package ifvtex Info: VTeX not detected.
) (/usr/local/texlive/2013/texmf-dist/tex/generic/ifxetex/ifxetex.sty
Package: ifxetex 2010/09/12 v0.6 Provides ifxetex conditional
)
\Gm@cnth=\count87
\Gm@cntv=\count88
\c@Gm@tempcnt=\count89
\Gm@bindingoffset=\dimen103
\Gm@wd@mp=\dimen104
\Gm@odd@mp=\dimen105
\Gm@even@mp=\dimen106
\Gm@layoutwidth=\dimen107
\Gm@layoutheight=\dimen108
\Gm@layouthoffset=\dimen109
\Gm@layoutvoffset=\dimen110
\Gm@dimlist=\toks15
) (/usr/local/texlive/2013/texmf-dist/tex/latex/titling/titling.sty
Package: titling 2009/09/04 v2.1d maketitle typesetting
\thanksmarkwidth=\skip43
\thanksmargin=\skip44
\droptitle=\skip45
) (/usr/local/texlive/2013/texmf-dist/tex/latex/cite/cite.sty
LaTeX Info: Redefining \cite on input line 302.
LaTeX Info: Redefining \nocite on input line 373.
Package: cite 2010/09/10  v 5.3
) (/usr/local/texlive/2013/texmf-dist/tex/latex/subfig/subfig.sty
Package: subfig 2005/06/28 ver: 1.3 subfig package
 (/usr/local/texlive/2013/texmf-dist/tex/latex/caption/caption.sty
Package: caption 2013/05/02 v3.3-89 Customizing captions (AR)
 (/usr/local/texlive/2013/texmf-dist/tex/latex/caption/caption3.sty
Package: caption3 2013/05/02 v1.6-88 caption3 kernel (AR)
Package caption3 Info: TeX engine: e-TeX on input line 57.
\captionmargin=\dimen111
\captionmargin@=\dimen112
\captionwidth=\dimen113
\caption@tempdima=\dimen114
\caption@indent=\dimen115
\caption@parindent=\dimen116
\caption@hangindent=\dimen117
)
\c@ContinuedFloat=\count90
)
\c@KVtest=\count91
\sf@farskip=\skip46
\sf@captopadj=\dimen118
\sf@capskip=\skip47
\sf@nearskip=\skip48
\c@subfigure=\count92
\c@subfigure@save=\count93
\c@lofdepth=\count94
\c@subtable=\count95
\c@subtable@save=\count96
\c@lotdepth=\count97
\sf@top=\skip49
\sf@bottom=\skip50
) (/usr/local/texlive/2013/texmf-dist/tex/latex/graphics/graphicx.sty
Package: graphicx 1999/02/16 v1.0f Enhanced LaTeX Graphics (DPC,SPQR)
 (/usr/local/texlive/2013/texmf-dist/tex/latex/graphics/graphics.sty
Package: graphics 2009/02/05 v1.0o Standard LaTeX Graphics (DPC,SPQR)
 (/usr/local/texlive/2013/texmf-dist/tex/latex/graphics/trig.sty
Package: trig 1999/03/16 v1.09 sin cos tan (DPC)
) (/usr/local/texlive/2013/texmf-dist/tex/latex/latexconfig/graphics.cfg
File: graphics.cfg 2010/04/23 v1.9 graphics configuration of TeX Live
)
Package graphics Info: Driver file: pdftex.def on input line 91.
 (/usr/local/texlive/2013/texmf-dist/tex/latex/pdftex-def/pdftex.def
File: pdftex.def 2011/05/27 v0.06d Graphics/color for pdfTeX
 (/usr/local/texlive/2013/texmf-dist/tex/generic/oberdiek/infwarerr.sty
Package: infwarerr 2010/04/08 v1.3 Providing info/warning/error messages (HO)
) (/usr/local/texlive/2013/texmf-dist/tex/generic/oberdiek/ltxcmds.sty
Package: ltxcmds 2011/11/09 v1.22 LaTeX kernel commands for general use (HO)
)
\Gread@gobject=\count98
))
\Gin@req@height=\dimen119
\Gin@req@width=\dimen120
) (/usr/local/texlive/2013/texmf-dist/tex/latex/tools/bm.sty
Package: bm 2004/02/26 v1.1c Bold Symbol Support (DPC/FMi)
\symboldoperators=\mathgroup4
\symboldletters=\mathgroup5
\symboldsymbols=\mathgroup6
LaTeX Font Info:    Redeclaring math alphabet \mathbf on input line 138.
LaTeX Info: Redefining \bm on input line 204.
) (/usr/local/texlive/2013/texmf-dist/tex/latex/amsmath/amsmath.sty
Package: amsmath 2013/01/14 v2.14 AMS math features
\@mathmargin=\skip51

For additional information on amsmath, use the `?' option.
(/usr/local/texlive/2013/texmf-dist/tex/latex/amsmath/amstext.sty
Package: amstext 2000/06/29 v2.01
 (/usr/local/texlive/2013/texmf-dist/tex/latex/amsmath/amsgen.sty
File: amsgen.sty 1999/11/30 v2.0
\@emptytoks=\toks16
\ex@=\dimen121
)) (/usr/local/texlive/2013/texmf-dist/tex/latex/amsmath/amsbsy.sty
Package: amsbsy 1999/11/29 v1.2d
LaTeX Info: Redefining \boldsymbol on input line 39.
\pmbraise@=\dimen122
) (/usr/local/texlive/2013/texmf-dist/tex/latex/amsmath/amsopn.sty
Package: amsopn 1999/12/14 v2.01 operator names
)
\inf@bad=\count99
LaTeX Info: Redefining \frac on input line 210.
\uproot@=\count100
\leftroot@=\count101
LaTeX Info: Redefining \overline on input line 306.
\classnum@=\count102
\DOTSCASE@=\count103
LaTeX Info: Redefining \ldots on input line 378.
LaTeX Info: Redefining \dots on input line 381.
LaTeX Info: Redefining \cdots on input line 466.
\Mathstrutbox@=\box26
\strutbox@=\box27
\big@size=\dimen123
LaTeX Font Info:    Redeclaring font encoding OML on input line 566.
LaTeX Font Info:    Redeclaring font encoding OMS on input line 567.
\macc@depth=\count104
\c@MaxMatrixCols=\count105
\dotsspace@=\muskip10
\c@parentequation=\count106
\dspbrk@lvl=\count107
\tag@help=\toks17
\row@=\count108
\column@=\count109
\maxfields@=\count110
\andhelp@=\toks18
\eqnshift@=\dimen124
\alignsep@=\dimen125
\tagshift@=\dimen126
\tagwidth@=\dimen127
\totwidth@=\dimen128
\lineht@=\dimen129
\@envbody=\toks19
\multlinegap=\skip52
\multlinetaggap=\skip53
\mathdisplay@stack=\toks20
LaTeX Info: Redefining \[ on input line 2665.
LaTeX Info: Redefining \] on input line 2666.
) (/usr/local/texlive/2013/texmf-dist/tex/latex/amsfonts/amsfonts.sty
Package: amsfonts 2013/01/14 v3.01 Basic AMSFonts support
\symAMSa=\mathgroup7
\symAMSb=\mathgroup8
LaTeX Font Info:    Overwriting math alphabet `\mathfrak' in version `bold'
(Font)                  U/euf/m/n --> U/euf/b/n on input line 106.
) (/usr/local/texlive/2013/texmf-dist/tex/latex/listings/listings.sty
\lst@mode=\count111
\lst@gtempboxa=\box28
\lst@token=\toks21
\lst@length=\count112
\lst@currlwidth=\dimen130
\lst@column=\count113
\lst@pos=\count114
\lst@lostspace=\dimen131
\lst@width=\dimen132
\lst@newlines=\count115
\lst@lineno=\count116
\lst@maxwidth=\dimen133
 (/usr/local/texlive/2013/texmf-dist/tex/latex/listings/lstmisc.sty
File: lstmisc.sty 2007/02/22 1.4 (Carsten Heinz)
\c@lstnumber=\count117
\lst@skipnumbers=\count118
\lst@framebox=\box29
) (/usr/local/texlive/2013/texmf-dist/tex/latex/listings/listings.cfg
File: listings.cfg 2007/02/22 1.4 listings configuration
))
Package: listings 2007/02/22 1.4 (Carsten Heinz)
 (/usr/local/texlive/2013/texmf-dist/tex/latex/url/url.sty
\Urlmuskip=\muskip11
Package: url 2006/04/12  ver 3.3  Verb mode for urls, etc.
) (/usr/local/texlive/2013/texmf-dist/tex/latex/was/gensymb.sty
Package: gensymb 2003/07/02 v1.0 (WaS)
) (/usr/local/texlive/2013/texmf-dist/tex/latex/graphics/color.sty
Package: color 2005/11/14 v1.0j Standard LaTeX Color (DPC)
 (/usr/local/texlive/2013/texmf-dist/tex/latex/latexconfig/color.cfg
File: color.cfg 2007/01/18 v1.5 color configuration of teTeX/TeXLive
)
Package color Info: Driver file: pdftex.def on input line 130.
) (/usr/local/texlive/2013/texmf-dist/tex/latex/titlesec/titlesec.sty
Package: titlesec 2011/12/15 v2.10.0 Sectioning titles
\ttl@box=\box30
\beforetitleunit=\skip54
\aftertitleunit=\skip55
\ttl@plus=\dimen134
\ttl@minus=\dimen135
\ttl@toksa=\toks22
\titlewidth=\dimen136
\titlewidthlast=\dimen137
\titlewidthfirst=\dimen138
) (/usr/local/texlive/2013/texmf-dist/tex/latex/hyperref/hyperref.sty
Package: hyperref 2012/11/06 v6.83m Hypertext links for LaTeX
 (/usr/local/texlive/2013/texmf-dist/tex/generic/oberdiek/hobsub-hyperref.sty
Package: hobsub-hyperref 2012/05/28 v1.13 Bundle oberdiek, subset hyperref (HO)
 (/usr/local/texlive/2013/texmf-dist/tex/generic/oberdiek/hobsub-generic.sty
Package: hobsub-generic 2012/05/28 v1.13 Bundle oberdiek, subset generic (HO)
Package: hobsub 2012/05/28 v1.13 Construct package bundles (HO)
Package hobsub Info: Skipping package `infwarerr' (already loaded).
Package hobsub Info: Skipping package `ltxcmds' (already loaded).
Package: ifluatex 2010/03/01 v1.3 Provides the ifluatex switch (HO)
Package ifluatex Info: LuaTeX not detected.
Package hobsub Info: Skipping package `ifvtex' (already loaded).
Package: intcalc 2007/09/27 v1.1 Expandable calculations with integers (HO)
Package hobsub Info: Skipping package `ifpdf' (already loaded).
Package: etexcmds 2011/02/16 v1.5 Avoid name clashes with e-TeX commands (HO)
Package etexcmds Info: Could not find \expanded.
(etexcmds)             That can mean that you are not using pdfTeX 1.50 or
(etexcmds)             that some package has redefined \expanded.
(etexcmds)             In the latter case, load this package earlier.
Package: kvsetkeys 2012/04/25 v1.16 Key value parser (HO)
Package: kvdefinekeys 2011/04/07 v1.3 Define keys (HO)
Package: pdftexcmds 2011/11/29 v0.20 Utility functions of pdfTeX for LuaTeX (HO)
Package pdftexcmds Info: LuaTeX not detected.
Package pdftexcmds Info: \pdf@primitive is available.
Package pdftexcmds Info: \pdf@ifprimitive is available.
Package pdftexcmds Info: \pdfdraftmode found.
Package: pdfescape 2011/11/25 v1.13 Implements pdfTeX's escape features (HO)
Package: bigintcalc 2012/04/08 v1.3 Expandable calculations on big integers (HO)
Package: bitset 2011/01/30 v1.1 Handle bit-vector datatype (HO)
Package: uniquecounter 2011/01/30 v1.2 Provide unlimited unique counter (HO)
)
Package hobsub Info: Skipping package `hobsub' (already loaded).
Package: letltxmacro 2010/09/02 v1.4 Let assignment for LaTeX macros (HO)
Package: hopatch 2012/05/28 v1.2 Wrapper for package hooks (HO)
Package: xcolor-patch 2011/01/30 xcolor patch
Package: atveryend 2011/06/30 v1.8 Hooks at the very end of document (HO)
Package atveryend Info: \enddocument detected (standard20110627).
Package: atbegshi 2011/10/05 v1.16 At begin shipout hook (HO)
Package: refcount 2011/10/16 v3.4 Data extraction from label references (HO)
Package: hycolor 2011/01/30 v1.7 Color options for hyperref/bookmark (HO)
) (/usr/local/texlive/2013/texmf-dist/tex/latex/oberdiek/auxhook.sty
Package: auxhook 2011/03/04 v1.3 Hooks for auxiliary files (HO)
) (/usr/local/texlive/2013/texmf-dist/tex/latex/oberdiek/kvoptions.sty
Package: kvoptions 2011/06/30 v3.11 Key value format for package options (HO)
)
\@linkdim=\dimen139
\Hy@linkcounter=\count119
\Hy@pagecounter=\count120
 (/usr/local/texlive/2013/texmf-dist/tex/latex/hyperref/pd1enc.def
File: pd1enc.def 2012/11/06 v6.83m Hyperref: PDFDocEncoding definition (HO)
)
\Hy@SavedSpaceFactor=\count121
 (/usr/local/texlive/2013/texmf-dist/tex/latex/latexconfig/hyperref.cfg
File: hyperref.cfg 2002/06/06 v1.2 hyperref configuration of TeXLive
)
Package hyperref Info: Hyper figures OFF on input line 4443.
Package hyperref Info: Link nesting OFF on input line 4448.
Package hyperref Info: Hyper index ON on input line 4451.
Package hyperref Info: Plain pages OFF on input line 4458.
Package hyperref Info: Backreferencing OFF on input line 4463.
Package hyperref Info: Implicit mode ON; LaTeX internals redefined.
Package hyperref Info: Bookmarks ON on input line 4688.
\c@Hy@tempcnt=\count122
LaTeX Info: Redefining \url on input line 5041.
\XeTeXLinkMargin=\dimen140
\Fld@menulength=\count123
\Field@Width=\dimen141
\Fld@charsize=\dimen142
Package hyperref Info: Hyper figures OFF on input line 6295.
Package hyperref Info: Link nesting OFF on input line 6300.
Package hyperref Info: Hyper index ON on input line 6303.
Package hyperref Info: backreferencing OFF on input line 6310.
Package hyperref Info: Link coloring OFF on input line 6315.
Package hyperref Info: Link coloring with OCG OFF on input line 6320.
Package hyperref Info: PDF/A mode OFF on input line 6325.
LaTeX Info: Redefining \ref on input line 6365.
LaTeX Info: Redefining \pageref on input line 6369.
\Hy@abspage=\count124
\c@Item=\count125
\c@Hfootnote=\count126
)

Package hyperref Message: Driver (autodetected): hpdftex.

(/usr/local/texlive/2013/texmf-dist/tex/latex/hyperref/hpdftex.def
File: hpdftex.def 2012/11/06 v6.83m Hyperref driver for pdfTeX
\Fld@listcount=\count127
\c@bookmark@seq@number=\count128
 (/usr/local/texlive/2013/texmf-dist/tex/latex/oberdiek/rerunfilecheck.sty
Package: rerunfilecheck 2011/04/15 v1.7 Rerun checks for auxiliary files (HO)
Package uniquecounter Info: New unique counter `rerunfilecheck' on input line 282.
)
\Hy@SectionHShift=\skip56
) (/usr/local/texlive/2013/texmf-dist/tex/latex/appendix/appendix.sty
Package: appendix 2009/09/02 v1.2b extra appendix facilities
\c@@pps=\count129
\c@@ppsavesec=\count130
\c@@ppsaveapp=\count131
)
\c@subsubsubsection=\count132
 (/usr/local/texlive/2013/texmf-dist/tex/latex/microtype/microtype.sty
Package: microtype 2013/05/23 v2.5a Micro-typographical refinements (RS)
\MT@toks=\toks23
\MT@count=\count133
LaTeX Info: Redefining \textls on input line 766.
\MT@outer@kern=\dimen143
LaTeX Info: Redefining \textmicrotypecontext on input line 1285.
\MT@listname@count=\count134
 (/usr/local/texlive/2013/texmf-dist/tex/latex/microtype/microtype-pdftex.def
File: microtype-pdftex.def 2013/05/23 v2.5a Definitions specific to pdftex (RS)
LaTeX Info: Redefining \lsstyle on input line 915.
LaTeX Info: Redefining \lslig on input line 915.
\MT@outer@space=\skip57
)
Package microtype Info: Loading configuration file microtype.cfg.
 (/usr/local/texlive/2013/texmf-dist/tex/latex/microtype/microtype.cfg
File: microtype.cfg 2013/05/23 v2.5a microtype main configuration file (RS)
)) (/usr/local/texlive/2013/texmf-dist/tex/latex/natbib/bibentry.sty
Package: bibentry 2007/10/30 1.5 (PWD)
)
No file TSWLatexianTemp_gaitThesisV1.1.aux.
\openout1 = `TSWLatexianTemp_gaitThesisV1.1.aux'.

LaTeX Font Info:    Checking defaults for OML/cmm/m/it on input line 66.
LaTeX Font Info:    ... okay on input line 66.
LaTeX Font Info:    Checking defaults for T1/cmr/m/n on input line 66.
LaTeX Font Info:    ... okay on input line 66.
LaTeX Font Info:    Checking defaults for OT1/cmr/m/n on input line 66.
LaTeX Font Info:    ... okay on input line 66.
LaTeX Font Info:    Checking defaults for OMS/cmsy/m/n on input line 66.
LaTeX Font Info:    ... okay on input line 66.
LaTeX Font Info:    Checking defaults for OMX/cmex/m/n on input line 66.
LaTeX Font Info:    ... okay on input line 66.
LaTeX Font Info:    Checking defaults for U/cmr/m/n on input line 66.
LaTeX Font Info:    ... okay on input line 66.
LaTeX Font Info:    Checking defaults for PD1/pdf/m/n on input line 66.
LaTeX Font Info:    ... okay on input line 66.
*geometry* driver: auto-detecting
*geometry* detected driver: pdftex
*geometry* verbose mode - [ preamble ] result:
* driver: pdftex
* paper: <default>
* layout: <same size as paper>
* layoutoffset:(h,v)=(0.0pt,0.0pt)
* modes: 
* h-part:(L,W,R)=(85.35826pt, 443.57848pt, 85.35826pt)
* v-part:(T,H,B)=(85.35826pt, 624.25346pt, 85.35826pt)
* \paperwidth=614.295pt
* \paperheight=794.96999pt
* \textwidth=443.57848pt
* \textheight=624.25346pt
* \oddsidemargin=13.08827pt
* \evensidemargin=13.08827pt
* \topmargin=-23.91173pt
* \headheight=12.0pt
* \headsep=25.0pt
* \topskip=11.0pt
* \footskip=30.0pt
* \marginparwidth=59.0pt
* \marginparsep=10.0pt
* \columnsep=10.0pt
* \skip\footins=10.0pt plus 4.0pt minus 2.0pt
* \hoffset=0.0pt
* \voffset=0.0pt
* \mag=1000
* \@twocolumnfalse
* \@twosidefalse
* \@mparswitchfalse
* \@reversemarginfalse
* (1in=72.27pt=25.4mm, 1cm=28.453pt)

Package caption Info: Begin \AtBeginDocument code.
Package caption Info: subfig package v1.3 is loaded.
Package caption Info: hyperref package is loaded.
Package caption Info: listings package is loaded.
Package caption Info: End \AtBeginDocument code.
(/usr/local/texlive/2013/texmf-dist/tex/context/base/supp-pdf.mkii
[Loading MPS to PDF converter (version 2006.09.02).]
\scratchcounter=\count135
\scratchdimen=\dimen144
\scratchbox=\box31
\nofMPsegments=\count136
\nofMParguments=\count137
\everyMPshowfont=\toks24
\MPscratchCnt=\count138
\MPscratchDim=\dimen145
\MPnumerator=\count139
\makeMPintoPDFobject=\count140
\everyMPtoPDFconversion=\toks25
) (/usr/local/texlive/2013/texmf-dist/tex/latex/oberdiek/epstopdf-base.sty
Package: epstopdf-base 2010/02/09 v2.5 Base part for package epstopdf
 (/usr/local/texlive/2013/texmf-dist/tex/latex/oberdiek/grfext.sty
Package: grfext 2010/08/19 v1.1 Manage graphics extensions (HO)
)
Package grfext Info: Graphics extension search list:
(grfext)             [.png,.pdf,.jpg,.mps,.jpeg,.jbig2,.jb2,.PNG,.PDF,.JPG,.JPEG,.JBIG2,.JB2,.eps]
(grfext)             \AppendGraphicsExtensions on input line 452.
 (/usr/local/texlive/2013/texmf-dist/tex/latex/latexconfig/epstopdf-sys.cfg
File: epstopdf-sys.cfg 2010/07/13 v1.3 Configuration of (r)epstopdf for TeX Live
))
\c@lstlisting=\count141
LaTeX Info: Redefining \celsius on input line 66.
Package gensymb Info: Faking symbols for \degree and \celsius on input line 66.


Package gensymb Warning: Not defining \perthousand.

LaTeX Info: Redefining \ohm on input line 66.
Package gensymb Info: Using \Omega for \ohm on input line 66.

Package gensymb Warning: Not defining \micro.

\AtBeginShipoutBox=\box32
Package hyperref Info: Link coloring OFF on input line 66.
(/usr/local/texlive/2013/texmf-dist/tex/latex/hyperref/nameref.sty
Package: nameref 2012/10/27 v2.43 Cross-referencing by name of section
 (/usr/local/texlive/2013/texmf-dist/tex/generic/oberdiek/gettitlestring.sty
Package: gettitlestring 2010/12/03 v1.4 Cleanup title references (HO)
)
\c@section@level=\count142
)
LaTeX Info: Redefining \ref on input line 66.
LaTeX Info: Redefining \pageref on input line 66.
LaTeX Info: Redefining \nameref on input line 66.
\@outlinefile=\write3
\openout3 = `TSWLatexianTemp_gaitThesisV1.1.out'.

LaTeX Info: Redefining \microtypecontext on input line 66.
Package microtype Info: Generating PDF output.
Package microtype Info: Character protrusion enabled (level 2).
Package microtype Info: Using default protrusion set `alltext'.
Package microtype Info: Automatic font expansion enabled (level 2),
(microtype)             stretch: 20, shrink: 20, step: 1, non-selected.
Package microtype Info: Using default expansion set `basictext'.
Package microtype Info: No adjustment of tracking.
Package microtype Info: No adjustment of interword spacing.
Package microtype Info: No adjustment of character kerning.
 (/usr/local/texlive/2013/texmf-dist/tex/latex/microtype/mt-cmr.cfg
File: mt-cmr.cfg 2013/05/19 v2.2 microtype config. file: Computer Modern Roman (RS)
)
LaTeX Font Info:    Try loading font information for U+msa on input line 68.
 (/usr/local/texlive/2013/texmf-dist/tex/latex/amsfonts/umsa.fd
File: umsa.fd 2013/01/14 v3.01 AMS symbols A
) (/usr/local/texlive/2013/texmf-dist/tex/latex/microtype/mt-msa.cfg
File: mt-msa.cfg 2006/02/04 v1.1 microtype config. file: AMS symbols (a) (RS)
)
LaTeX Font Info:    Try loading font information for U+msb on input line 68.
 (/usr/local/texlive/2013/texmf-dist/tex/latex/amsfonts/umsb.fd
File: umsb.fd 2013/01/14 v3.01 AMS symbols B
) (/usr/local/texlive/2013/texmf-dist/tex/latex/microtype/mt-msb.cfg
File: mt-msb.cfg 2005/06/01 v1.0 microtype config. file: AMS symbols (b) (RS)
)

LaTeX Warning: No \author given.

\tf@toc=\write4
\openout4 = `TSWLatexianTemp_gaitThesisV1.1.toc'.


LaTeX Warning: Citation `Paiement' on page 1 undefined on input line 123.


LaTeX Warning: Citation `Tao' on page 1 undefined on input line 123.


LaTeX Warning: Citation `Shotton2011' on page 1 undefined on input line 125.


LaTeX Warning: Citation `Coifman2006' on page 1 undefined on input line 125.

[1

{/usr/local/texlive/2013/texmf-var/fonts/map/pdftex/updmap/pdftex.map}] [2]

LaTeX Warning: Citation `Toshev' on page 3 undefined on input line 137.


LaTeX Warning: Citation `Pfister' on page 3 undefined on input line 137.


LaTeX Warning: Citation `Li2014' on page 3 undefined on input line 137.


LaTeX Warning: Citation `Jain2013a' on page 3 undefined on input line 137.


LaTeX Warning: Citation `Jain2014' on page 3 undefined on input line 137.


LaTeX Warning: Citation `Tompson' on page 3 undefined on input line 137.


LaTeX Warning: Citation `Tompson2014' on page 3 undefined on input line 137.


LaTeX Warning: Citation `Accv2014' on page 3 undefined on input line 137.


LaTeX Warning: Citation `Gupta2014' on page 3 undefined on input line 137.


LaTeX Warning: Citation `Schwarz2015' on page 3 undefined on input line 137.


LaTeX Warning: Citation `Alexandre2013' on page 3 undefined on input line 137.


LaTeX Warning: Citation `Paiement' on page 3 undefined on input line 139.


LaTeX Warning: Citation `Chen2013' on page 3 undefined on input line 158.

[3]

LaTeX Warning: Citation `Han2013' on page 4 undefined on input line 160.


LaTeX Warning: Citation `Zhang2012a' on page 4 undefined on input line 162.


LaTeX Warning: Citation `Khoshelham2012a' on page 4 undefined on input line 162.

Runaway argument?
{. 
/Users/ben/Documents/csMSc/project/gait/Thesis/tex/TSWLatexianTemp_gaitThesisV1.1.tex:163: Paragraph ended before \T@ref was complete.
<to be read again> 
                   \par 
l.163 
      
I suspect you've forgotten a `}', causing me to apply this
control sequence to too much text. How can we recover?
My plan is to forget the whole thing and hope for the best.

<kinectMeasure.png, id=34, 627.34375pt x 578.16pt>
File: kinectMeasure.png Graphic file (type png)
 <use kinectMeasure.png>
Package pdftex.def Info: kinectMeasure.png used on input line 166.
(pdftex.def)             Requested size: 199.60895pt x 183.95633pt.


LaTeX Warning: Citation `Han2013' on page 4 undefined on input line 167.


LaTeX Warning: Citation `Han2013' on page 4 undefined on input line 167.


LaTeX Warning: Citation `Gonzalez-Jorge2013' on page 4 undefined on input line 173.

[4 <./kinectMeasure.png>]

LaTeX Warning: Citation `Han2013' on page 5 undefined on input line 175.


LaTeX Warning: Citation `StoyanovTodorandLouloudiAthanasiaandAndreassonHenrikandLilienthal2011a' on page 5 undefined on input line 177.


LaTeX Warning: Citation `Khoshelham2012a' on page 5 undefined on input line 179.


LaTeX Warning: Citation `Smisek2011' on page 5 undefined on input line 179.

Missing character: There is no Â in font cmr10!
Missing character: There is no ± in font cmr10!
Missing character: There is no Â in font cmr10!
Missing character: There is no ± in font cmr10!

LaTeX Warning: Citation `Nguyen2012' on page 5 undefined on input line 179.


LaTeX Warning: Reference `fig:kinectHoles4' on page 5 undefined on input line 181.


LaTeX Warning: Reference `fig:kinectHoles3' on page 5 undefined on input line 181.

<kinectHoles4.png, id=44, 896.34875pt x 373.395pt>
File: kinectHoles4.png Graphic file (type png)
 <use kinectHoles4.png>
Package pdftex.def Info: kinectHoles4.png used on input line 183.
(pdftex.def)             Requested size: 443.57848pt x 184.78267pt.


LaTeX Warning: Citation `Feng2013' on page 5 undefined on input line 184.


LaTeX Warning: Citation `Feng2013' on page 5 undefined on input line 184.

<kinectHoles3.png, id=46, 865.2325pt x 363.3575pt>
File: kinectHoles3.png Graphic file (type png)
 <use kinectHoles3.png>
Package pdftex.def Info: kinectHoles3.png used on input line 187.
(pdftex.def)             Requested size: 443.57848pt x 186.28012pt.


LaTeX Warning: Citation `Feng2013' on page 5 undefined on input line 188.


LaTeX Warning: Citation `Feng2013' on page 5 undefined on input line 188.


LaTeX Warning: Citation `Khoshelham2012a' on page 5 undefined on input line 191.


LaTeX Warning: Citation `Smisek2011' on page 5 undefined on input line 191.


LaTeX Warning: Citation `Nguyen2012' on page 5 undefined on input line 191.


LaTeX Warning: Citation `Fiedler2013' on page 5 undefined on input line 191.

Missing character: There is no â in font cmr10!
Missing character: There is no € in font cmr10!
Missing character: There is no “ in font cmr10!
[5] [6 <./kinectHoles4.png> <./kinectHoles3.png>]

LaTeX Warning: Citation `Forsyth2005' on page 7 undefined on input line 199.


LaTeX Warning: Citation `Moeslund2006' on page 7 undefined on input line 201.


LaTeX Warning: Citation `Hen2009' on page 7 undefined on input line 201.


LaTeX Warning: Citation `Poppe2007' on page 7 undefined on input line 201.


LaTeX Warning: Citation `Sminchisescu2006' on page 7 undefined on input line 201.


LaTeX Warning: Citation `Liu2015' on page 7 undefined on input line 201.


LaTeX Warning: Citation `Poppe2007' on page 7 undefined on input line 201.


LaTeX Warning: Citation `Sminchisescu2003' on page 7 undefined on input line 206.


LaTeX Warning: Citation `Hen2009' on page 7 undefined on input line 206.


LaTeX Warning: Citation `Hen2009' on page 7 undefined on input line 206.


LaTeX Warning: Citation `Agarwal2006' on page 7 undefined on input line 206.

[7]

LaTeX Warning: Citation `Brand1999' on page 8 undefined on input line 208.


LaTeX Warning: Citation `Elgammal2004' on page 8 undefined on input line 208.


LaTeX Warning: Citation `Elgammal2004' on page 8 undefined on input line 208.


LaTeX Warning: Citation `Poggio1990' on page 8 undefined on input line 208.


LaTeX Warning: Citation `Elgammal2004' on page 8 undefined on input line 208.


LaTeX Warning: Citation `Elgammal2004b' on page 8 undefined on input line 208.


LaTeX Warning: Citation `Brand1999' on page 8 undefined on input line 210.


LaTeX Warning: Citation `Urtasun2005' on page 8 undefined on input line 212.


LaTeX Warning: Citation `Lawrence2004' on page 8 undefined on input line 212.

[8]

LaTeX Warning: Citation `Tangkuampien2006' on page 9 undefined on input line 214.


LaTeX Warning: Citation `Rosales2000' on page 9 undefined on input line 216.


LaTeX Warning: Citation `Rosales2001' on page 9 undefined on input line 216.


LaTeX Warning: Citation `Helten2013' on page 9 undefined on input line 220.


LaTeX Warning: Citation `Han2013' on page 9 undefined on input line 220.


LaTeX Warning: Citation `Giovanni' on page 9 undefined on input line 220.

[9]

LaTeX Warning: Citation `Shotton2011' on page 10 undefined on input line 222.


LaTeX Warning: Citation `Shotton2013a' on page 10 undefined on input line 222.


LaTeX Warning: Citation `Shotton2011' on page 10 undefined on input line 222.


LaTeX Warning: Citation `Plagemann2010' on page 10 undefined on input line 224.

Missing character: There is no â in font cmr10!
Missing character: There is no € in font cmr10!
Missing character: There is no ™ in font cmr10!

LaTeX Warning: Citation `Ye2011' on page 10 undefined on input line 226.


LaTeX Warning: Citation `Wei2011' on page 10 undefined on input line 226.


LaTeX Warning: Citation `Baak2011' on page 10 undefined on input line 226.


LaTeX Warning: Citation `Zhu2008' on page 10 undefined on input line 226.


LaTeX Warning: Citation `Chan2014' on page 10 undefined on input line 228.

[10]

LaTeX Warning: Reference `fig:convnet' on page 11 undefined on input line 244.


LaTeX Warning: Reference `fig:pool' on page 11 undefined on input line 244.


LaTeX Warning: Reference `fig:pool' on page 11 undefined on input line 244.

[11] <convnet.jpeg, id=90, 1259.70625pt x 603.25375pt>
File: convnet.jpeg Graphic file (type jpg)
 <use convnet.jpeg>
Package pdftex.def Info: convnet.jpeg used on input line 247.
(pdftex.def)             Requested size: 443.57848pt x 212.42145pt.


LaTeX Warning: Citation `KarLects' on page 12 undefined on input line 248.


LaTeX Warning: Citation `KarLects' on page 12 undefined on input line 248.

<pooling.png, id=94, 1086.0575pt x 349.305pt>
File: pooling.png Graphic file (type png)
 <use pooling.png>
Package pdftex.def Info: pooling.png used on input line 253.
(pdftex.def)             Requested size: 443.57848pt x 142.66698pt.


LaTeX Warning: Citation `KarLects' on page 12 undefined on input line 254.


LaTeX Warning: Citation `KarLects' on page 12 undefined on input line 254.


LaTeX Warning: Citation `Rumelhart1986' on page 12 undefined on input line 257.


LaTeX Warning: Citation `Crabbe2015' on page 12 undefined on input line 257.


LaTeX Warning: Citation `Shotton2011' on page 12 undefined on input line 259.


LaTeX Warning: Citation `Chan2014' on page 12 undefined on input line 259.

[12 <./convnet.jpeg>]

LaTeX Warning: Citation `Krizhevsky2012' on page 13 undefined on input line 261.


LaTeX Warning: Citation `Russakovsky' on page 13 undefined on input line 261.


LaTeX Warning: Citation `Jain2013a' on page 13 undefined on input line 267.


LaTeX Warning: Citation `Jain2014' on page 13 undefined on input line 267.

[13 <./pooling.png>]

LaTeX Warning: Citation `Toshev' on page 14 undefined on input line 269.


LaTeX Warning: Citation `Krizhevsky2012' on page 14 undefined on input line 269.


LaTeX Warning: Citation `Paiement' on page 14 undefined on input line 287.


LaTeX Warning: Citation `Paiement' on page 14 undefined on input line 293.

[14]

LaTeX Warning: Citation `Coifman2006' on page 15 undefined on input line 297.


LaTeX Warning: Citation `Paiement' on page 15 undefined on input line 297.


LaTeX Warning: Citation `Tao' on page 15 undefined on input line 297.


LaTeX Warning: Citation `Tao' on page 15 undefined on input line 297.


LaTeX Warning: Citation `Paiement' on page 15 undefined on input line 300.


LaTeX Warning: Citation `Tao' on page 15 undefined on input line 300.


LaTeX Warning: Reference `sec:senPerf' on page 15 undefined on input line 306.


LaTeX Warning: Citation `Camplani2012a' on page 15 undefined on input line 306.


LaTeX Warning: Citation `Camplani2012a' on page 15 undefined on input line 306.


LaTeX Warning: Citation `bgslibrary' on page 15 undefined on input line 308.


LaTeX Warning: Citation `Zivkovic2004' on page 15 undefined on input line 308.

[15] [16]

LaTeX Warning: Reference `fig:blackBGactiv' on page 17 undefined on input line 320.


LaTeX Warning: Reference `fig:layer1filts' on page 17 undefined on input line 320.


LaTeX Warning: Reference `fig:meanBG' on page 17 undefined on input line 320.


LaTeX Warning: Reference `fig:meanBGactiv' on page 17 undefined on input line 320.


LaTeX Warning: Reference `adjustedNorm1' on page 17 undefined on input line 320.

[17] <depth_156BlackBG.png, id=132, 121.45375pt x 240.9pt>
File: depth_156BlackBG.png Graphic file (type png)
 <use depth_156BlackBG.png>
Package pdftex.def Info: depth_156BlackBG.png used on input line 325.
(pdftex.def)             Requested size: 88.71434pt x 175.96213pt.

Underfull \hbox (badness 10000) in paragraph at lines 325--325
[]\OT1/cmr/m/n/9 (+20) (a) |Ini-tial colour-ing
 []

<depth_156MeanBG.png, id=134, 121.45375pt x 240.9pt>
File: depth_156MeanBG.png Graphic file (type png)
 <use depth_156MeanBG.png>
Package pdftex.def Info: depth_156MeanBG.png used on input line 328.
(pdftex.def)             Requested size: 88.71434pt x 175.96213pt.

Underfull \hbox (badness 1629) in paragraph at lines 328--328
[]\OT1/cmr/m/n/9 (+20) (b) |Mean back-ground
 []

<depth_156.png, id=136, 121.45375pt x 240.9pt>
File: depth_156.png Graphic file (type png)
 <use depth_156.png>
Package pdftex.def Info: depth_156.png used on input line 331.
(pdftex.def)             Requested size: 88.71434pt x 175.96213pt.
 <filters.png, id=138, 731.3724pt x 731.3724pt>
File: filters.png Graphic file (type png)
 <use filters.png>
Package pdftex.def Info: filters.png used on input line 339.
(pdftex.def)             Requested size: 199.60895pt x 199.6047pt.


LaTeX Warning: Citation `Krizhevsky2012' on page 18 undefined on input line 339.


LaTeX Warning: Citation `Krizhevsky2012' on page 18 undefined on input line 339.

<blackBGnorm1blob.png, id=140, 731.3724pt x 731.3724pt>
File: blackBGnorm1blob.png Graphic file (type png)
 <use blackBGnorm1blob.png>
Package pdftex.def Info: blackBGnorm1blob.png used on input line 342.
(pdftex.def)             Requested size: 199.60895pt x 199.6047pt.
 <meanBGnorm1.png, id=142, 731.3724pt x 731.3724pt>
File: meanBGnorm1.png Graphic file (type png)
 <use meanBGnorm1.png>
Package pdftex.def Info: meanBGnorm1.png used on input line 345.
(pdftex.def)             Requested size: 199.60895pt x 199.6047pt.
 <adjustedNorm1.png, id=144, 731.3724pt x 731.3724pt>
File: adjustedNorm1.png Graphic file (type png)
 <use adjustedNorm1.png>
Package pdftex.def Info: adjustedNorm1.png used on input line 348.
(pdftex.def)             Requested size: 199.60895pt x 199.6047pt.


LaTeX Warning: Reference `fig:colourschemes' on page 18 undefined on input line 349.


LaTeX Warning: Reference `fig:colourschemes' on page 18 undefined on input line 349.

No file TSWLatexianTemp_gaitThesisV1.1.bbl.

LaTeX Warning: Citation `Paiement' on page 18 undefined on input line 378.


LaTeX Warning: Citation `Tao' on page 18 undefined on input line 378.


LaTeX Warning: Reference `sec:intro' on page 18 undefined on input line 384.

[18 <./depth_156BlackBG.png (PNG copy)> <./depth_156MeanBG.png (PNG copy)> <./depth_156.png (PNG copy)>] [19 <./filters.png> <./blackBGnorm1blob.png> <./meanBGnorm1.png> <./adjustedNorm1.png>]

LaTeX Warning: Citation `Paiement' on page 20 undefined on input line 387.


LaTeX Warning: Reference `fig:exsysData' on page 20 undefined on input line 387.


LaTeX Warning: Reference `fig:sysPipe' on page 20 undefined on input line 390.


LaTeX Warning: Reference `sec:sofTools' on page 20 undefined on input line 390.


LaTeX Warning: Citation `Tao' on page 20 undefined on input line 396.


LaTeX Warning: Citation `Coifman2006' on page 20 undefined on input line 398.

[20]
Package atveryend Info: Empty hook `BeforeClearDocument' on input line 407.
 [21]
Package atveryend Info: Empty hook `AfterLastShipout' on input line 407.
 (./TSWLatexianTemp_gaitThesisV1.1.aux)
Package atveryend Info: Executing hook `AtVeryEndDocument' on input line 407.
Package atveryend Info: Executing hook `AtEndAfterFileList' on input line 407.


Package rerunfilecheck Warning: File `TSWLatexianTemp_gaitThesisV1.1.out' has changed.
(rerunfilecheck)                Rerun to get outlines right
(rerunfilecheck)                or use package `bookmark'.

Package rerunfilecheck Info: Checksums for `TSWLatexianTemp_gaitThesisV1.1.out':
(rerunfilecheck)             Before: <no file>
(rerunfilecheck)             After:  738DB3AA5B8F74CB2006E2A9F78E4A30;1238.

LaTeX Warning: There were undefined references.


LaTeX Warning: Label(s) may have changed. Rerun to get cross-references right.

Package atveryend Info: Empty hook `AtVeryVeryEnd' on input line 407.
 ) 
Here is how much of TeX's memory you used:
 11022 strings out of 493315
 169006 string characters out of 6137903
 295648 words of memory out of 5000000
 14165 multiletter control sequences out of 15000+600000
 21351 words of font info for 115 fonts, out of 8000000 for 9000
 957 hyphenation exceptions out of 8191
 44i,10n,49p,2268b,435s stack positions out of 5000i,500n,10000p,200000b,80000s
</usr/local/texlive/2013/texmf-dist/fonts/type1/public/amsfonts/cm/cmbx10.pfb></usr/local/texlive/2013/texmf-dist/fonts/type1/public/amsfonts/cm/cmbx12.pfb></usr/local/texlive/2013/texmf-dist/fonts/type1/public/amsfonts/cm/cmbx9.pfb></usr/local/texlive/2013/texmf-dist/fonts/type1/public/amsfonts/cm/cmmi10.pfb></usr/local/texlive/2013/texmf-dist/fonts/type1/public/amsfonts/cm/cmmi8.pfb></usr/local/texlive/2013/texmf-dist/fonts/type1/public/amsfonts/cm/cmmib10.pfb></usr/local/texlive/2013/texmf-dist/fonts/type1/public/amsfonts/cm/cmr10.pfb></usr/local/texlive/2013/texmf-dist/fonts/type1/public/amsfonts/cm/cmr12.pfb></usr/local/texlive/2013/texmf-dist/fonts/type1/public/amsfonts/cm/cmr17.pfb></usr/local/texlive/2013/texmf-dist/fonts/type1/public/amsfonts/cm/cmr6.pfb></usr/local/texlive/2013/texmf-dist/fonts/type1/public/amsfonts/cm/cmr8.pfb></usr/local/texlive/2013/texmf-dist/fonts/type1/public/amsfonts/cm/cmr9.pfb></usr/local/texlive/2013/texmf-dist/fonts/type1/public/amsfonts/cm/cmsy10.pfb></usr/local/texlive/2013/texmf-dist/fonts/type1/public/amsfonts/cm/cmsy8.pfb>
Output written on TSWLatexianTemp_gaitThesisV1.1.pdf (21 pages, 2162974 bytes).
PDF statistics:
 250 PDF objects out of 1000 (max. 8388607)
 178 compressed objects within 2 object streams
 57 named destinations out of 1000 (max. 500000)
 13445 words of extra memory for PDF output out of 14400 (max. 10000000)

