\BOOKMARK [1][-]{section.1}{Introduction}{}% 1
\BOOKMARK [1][-]{section.2}{Background and Related Work}{}% 2
\BOOKMARK [2][-]{subsection.2.1}{Depth Imaging}{section.2}% 3
\BOOKMARK [3][-]{subsubsection.2.1.1}{Sensor Performance}{subsection.2.1}% 4
\BOOKMARK [2][-]{subsection.2.2}{Human Pose Estimation}{section.2}% 5
\BOOKMARK [3][-]{subsubsection.2.2.1}{Human Pose Estimation Using Dimensionality Reduction}{subsection.2.2}% 6
\BOOKMARK [3][-]{subsubsection.2.2.2}{Human Pose Estimation From Depth Images}{subsection.2.2}% 7
\BOOKMARK [2][-]{subsection.2.3}{Convolutional Neural Networks}{section.2}% 8
\BOOKMARK [3][-]{subsubsection.2.3.1}{Human Pose Estimation Using CNNs}{subsection.2.3}% 9
\BOOKMARK [1][-]{section.3}{Methods}{}% 10
\BOOKMARK [2][-]{subsection.3.1}{Dataset}{section.3}% 11
\BOOKMARK [2][-]{subsection.3.2}{Data Preprocessing}{section.3}% 12
\BOOKMARK [3][-]{subsubsection.3.2.1}{Skeleton Preprocessing}{subsection.3.2}% 13
\BOOKMARK [3][-]{subsubsection.3.2.2}{Depth Preprocessing}{subsection.3.2}% 14
\BOOKMARK [3][-]{subsubsection.3.2.3}{RGB Pre-processing}{subsection.3.2}% 15
\BOOKMARK [2][-]{subsection.3.3}{CNN Library}{section.3}% 16
\BOOKMARK [2][-]{subsection.3.4}{Network Architecture}{section.3}% 17
\BOOKMARK [3][-]{subsubsection.3.4.1}{Regression Vs. Classification}{subsection.3.4}% 18
\BOOKMARK [2][-]{subsection.3.5}{Training Details}{section.3}% 19
\BOOKMARK [1][-]{section.4}{Results}{}% 20
\BOOKMARK [2][-]{subsection.4.1}{Fine-Tuning}{section.4}% 21
\BOOKMARK [2][-]{subsection.4.2}{Network Errors Vs. Label Errors Vs. Image Errors}{section.4}% 22
\BOOKMARK [2][-]{subsection.4.3}{Movement Quality}{section.4}% 23
\BOOKMARK [2][-]{subsection.4.4}{Processing Time and Memory Requirements.}{section.4}% 24
\BOOKMARK [1][-]{section.5}{Discussion}{}% 25
\BOOKMARK [2][-]{subsection.5.1}{Data Limitations}{section.5}% 26
\BOOKMARK [2][-]{subsection.5.2}{Measuring accuracy}{section.5}% 27
\BOOKMARK [2][-]{subsection.5.3}{Subject Specific Networks}{section.5}% 28
\BOOKMARK [2][-]{subsection.5.4}{Abnormal Poses}{section.5}% 29
\BOOKMARK [2][-]{subsection.5.5}{Directions of Future Work}{section.5}% 30
\BOOKMARK [1][-]{section.6}{Conclusion}{}% 31
