\BOOKMARK [1][-]{section.1}{Introduction}{}% 1
\BOOKMARK [1][-]{section.2}{Background and Related Work}{}% 2
\BOOKMARK [2][-]{subsection.2.1}{Depth Imaging}{section.2}% 3
\BOOKMARK [3][-]{subsubsection.2.1.1}{Sensor Performance}{subsection.2.1}% 4
\BOOKMARK [2][-]{subsection.2.2}{Human Pose Estimation}{section.2}% 5
\BOOKMARK [3][-]{subsubsection.2.2.1}{Human Pose Estimation Using Dimensionality Reduction}{subsection.2.2}% 6
\BOOKMARK [3][-]{subsubsection.2.2.2}{Human Pose Estimation From Depth Images}{subsection.2.2}% 7
\BOOKMARK [2][-]{subsection.2.3}{Convolutional Neural Networks}{section.2}% 8
\BOOKMARK [3][-]{subsubsection.2.3.1}{Human Pose Estimation Using CNNs}{subsection.2.3}% 9
\BOOKMARK [1][-]{section.3}{Methods}{}% 10
\BOOKMARK [2][-]{subsection.3.1}{Data Preprocessing}{section.3}% 11
\BOOKMARK [3][-]{subsubsection.3.1.1}{Skeleton Preprocessing}{subsection.3.1}% 12
\BOOKMARK [3][-]{subsubsection.3.1.2}{Depth Preprocessing}{subsection.3.1}% 13
\BOOKMARK [3][-]{subsubsection.3.1.3}{RGB Pre-processing}{subsection.3.1}% 14
\BOOKMARK [2][-]{subsection.3.2}{Software}{section.3}% 15
\BOOKMARK [2][-]{subsection.3.3}{Architecture}{section.3}% 16
\BOOKMARK [3][-]{subsubsection.3.3.1}{Regression Vs. Classification}{subsection.3.3}% 17
\BOOKMARK [2][-]{subsection.3.4}{Training Details}{section.3}% 18
\BOOKMARK [1][-]{section.4}{Results}{}% 19
\BOOKMARK [2][-]{subsection.4.1}{Fine Tuning}{section.4}% 20
\BOOKMARK [2][-]{subsection.4.2}{Network Errors Vs. Label Errors Vs. Image Errors}{section.4}% 21
\BOOKMARK [2][-]{subsection.4.3}{Movement Quality}{section.4}% 22
\BOOKMARK [2][-]{subsection.4.4}{Processing Time and Memory Requirements.}{section.4}% 23
\BOOKMARK [1][-]{section.5}{Discussion}{}% 24
\BOOKMARK [2][-]{subsection.5.1}{Limitations}{section.5}% 25
\BOOKMARK [3][-]{subsubsection.5.1.1}{Abnormal Poses}{subsection.5.1}% 26
\BOOKMARK [3][-]{subsubsection.5.1.2}{Reconstruction of Full Pose}{subsection.5.1}% 27
\BOOKMARK [2][-]{subsection.5.2}{Directions of Future Work}{section.5}% 28
\BOOKMARK [1][-]{section.6}{Conclusion}{}% 29
\BOOKMARK [1][-]{section*.42}{Appendices}{}% 30
\BOOKMARK [1][-]{Appendix.1.A}{Pre-existing SPHERE System For Movement Quality Analysis}{}% 31
\BOOKMARK [1][-]{Appendix.1.B}{Networks}{}% 32
\BOOKMARK [2][-]{subsection.1.B.1}{AlexNet}{Appendix.1.B}% 33
