\BOOKMARK [1][-]{section.1}{Summary}{}% 1
\BOOKMARK [1][-]{section.2}{Acknowledgements}{}% 2
\BOOKMARK [1][-]{section.3}{Introduction}{}% 3
\BOOKMARK [1][-]{section.4}{Background and Related Work}{}% 4
\BOOKMARK [2][-]{subsection.4.1}{Depth Imaging}{section.4}% 5
\BOOKMARK [3][-]{subsubsection.4.1.1}{Sensor Performance}{subsection.4.1}% 6
\BOOKMARK [2][-]{subsection.4.2}{Human Pose Estimation}{section.4}% 7
\BOOKMARK [3][-]{subsubsection.4.2.1}{Human Pose Estimation Using Dimensionality Reduction}{subsection.4.2}% 8
\BOOKMARK [3][-]{subsubsection.4.2.2}{Human Pose Estimation From Depth Images}{subsection.4.2}% 9
\BOOKMARK [2][-]{subsection.4.3}{Convolutional Neural Networks}{section.4}% 10
\BOOKMARK [3][-]{subsubsection.4.3.1}{Human Pose Estimation Using CNNs}{subsection.4.3}% 11
\BOOKMARK [1][-]{section.5}{Methods}{}% 12
\BOOKMARK [2][-]{subsection.5.1}{Dataset}{section.5}% 13
\BOOKMARK [2][-]{subsection.5.2}{Data Preprocessing}{section.5}% 14
\BOOKMARK [3][-]{subsubsection.5.2.1}{Skeleton Preprocessing}{subsection.5.2}% 15
\BOOKMARK [3][-]{subsubsection.5.2.2}{Depth Preprocessing}{subsection.5.2}% 16
\BOOKMARK [3][-]{subsubsection.5.2.3}{RGB Pre-processing}{subsection.5.2}% 17
\BOOKMARK [2][-]{subsection.5.3}{CNN Library}{section.5}% 18
\BOOKMARK [2][-]{subsection.5.4}{Network Architecture}{section.5}% 19
\BOOKMARK [3][-]{subsubsection.5.4.1}{Regression Vs. Classification}{subsection.5.4}% 20
\BOOKMARK [2][-]{subsection.5.5}{Training Details}{section.5}% 21
\BOOKMARK [1][-]{section.6}{Results}{}% 22
\BOOKMARK [2][-]{subsection.6.1}{Fine-Tuning}{section.6}% 23
\BOOKMARK [2][-]{subsection.6.2}{Network Errors Vs. Label Errors Vs. Image Errors}{section.6}% 24
\BOOKMARK [2][-]{subsection.6.3}{Movement Quality}{section.6}% 25
\BOOKMARK [2][-]{subsection.6.4}{Processing Time and Memory Requirements.}{section.6}% 26
\BOOKMARK [1][-]{section.7}{Discussion}{}% 27
\BOOKMARK [2][-]{subsection.7.1}{Data Limitations}{section.7}% 28
\BOOKMARK [2][-]{subsection.7.2}{Measuring accuracy}{section.7}% 29
\BOOKMARK [2][-]{subsection.7.3}{Subject Specific Networks}{section.7}% 30
\BOOKMARK [2][-]{subsection.7.4}{Abnormal Poses}{section.7}% 31
\BOOKMARK [2][-]{subsection.7.5}{Directions of Future Work}{section.7}% 32
\BOOKMARK [1][-]{section.8}{Conclusion}{}% 33
